<?xml version="1.0" encoding="UTF-8" ?>
<testsuite errors="1" failures="0" hostname="web100" name="ch.zli.m226.bank.junit.TestAccounts" tests="1" time="0.13" timestamp="2008-03-04T17:16:12">
  <properties>
[...]
</properties>
  <testcase classname="junit.framework.JUnit4TestCaseFacade" name="ch.zli.m226.bank.junit.TestAccounts" time="0.01">
    <error message="No runnable methods" type="java.lang.Exception">java.lang.Exception: No runnable methods
</error>
  </testcase>
  <system-out><![CDATA[]]></system-out>
  <system-err><![CDATA[]]></system-err>
</testsuite>
